<?xml version="1.0" encoding="UTF-8"?>
<!-- Generated by org.testng.reporters.JUnitReportReporter -->
<testsuite hostname="DESKTOP-MQM4OHE" failures="0" tests="1" name="testCases.TC_002_LoginTest" time="1.202" errors="0" timestamp="2024-06-28T20:23:31 IST" skipped="0">
  <testcase classname="testCases.TC_002_LoginTest" name="verify_login" time="1.202"/>
</testsuite> <!-- testCases.TC_002_LoginTest -->
