<?xml version="1.0" encoding="UTF-8"?>
<!-- Generated by org.testng.reporters.JUnitReportReporter -->
<testsuite hostname="DESKTOP-MQM4OHE" failures="0" tests="5" name="testCases.TC_003_LoginDDT" time="37.834" errors="0" timestamp="2024-06-26T00:25:17 IST" skipped="0">
  <testcase classname="testCases.TC_003_LoginDDT" name="verify_loginDDT" time="1.847"/>
  <testcase classname="testCases.TC_003_LoginDDT" name="verify_loginDDT" time="12.054"/>
  <testcase classname="testCases.TC_003_LoginDDT" name="verify_loginDDT" time="11.097"/>
  <testcase classname="testCases.TC_003_LoginDDT" name="verify_loginDDT" time="11.234"/>
  <testcase classname="testCases.TC_003_LoginDDT" name="verify_loginDDT" time="1.602"/>
</testsuite> <!-- testCases.TC_003_LoginDDT -->
