<?xml version="1.0" encoding="UTF-8"?>
<!-- Generated by org.testng.reporters.JUnitReportReporter -->
<testsuite hostname="DESKTOP-MQM4OHE" failures="0" tests="1" name="testCases.TC_001_AccountRegistrationTest" time="5.094" errors="0" timestamp="2024-07-09T23:26:52 IST" skipped="0">
  <testcase classname="testCases.TC_001_AccountRegistrationTest" name="verify_account_registration" time="5.094"/>
</testsuite> <!-- testCases.TC_001_AccountRegistrationTest -->
