<?xml version="1.0" encoding="UTF-8"?>
<!-- Generated by org.testng.reporters.JUnitReportReporter -->
<testsuite hostname="DESKTOP-MQM4OHE" failures="0" tests="5" name="testCases.TC_003_LoginDDT" time="35.345" errors="0" timestamp="2024-07-09T23:26:52 IST" skipped="0">
  <testcase classname="testCases.TC_003_LoginDDT" name="verify_loginDDT" time="10.899"/>
  <testcase classname="testCases.TC_003_LoginDDT" name="verify_loginDDT" time="10.846"/>
  <testcase classname="testCases.TC_003_LoginDDT" name="verify_loginDDT" time="1.267"/>
  <testcase classname="testCases.TC_003_LoginDDT" name="verify_loginDDT" time="1.389"/>
  <testcase classname="testCases.TC_003_LoginDDT" name="verify_loginDDT" time="10.944"/>
</testsuite> <!-- testCases.TC_003_LoginDDT -->
