<?xml version="1.0" encoding="UTF-8"?>
<!-- Generated by org.testng.reporters.JUnitReportReporter -->
<testsuite hostname="DESKTOP-MQM4OHE" failures="0" tests="1" name="testCases.TC_002_LoginTest" time="1.065" errors="0" timestamp="2024-07-09T23:26:52 IST" skipped="0">
  <testcase classname="testCases.TC_002_LoginTest" name="verify_login" time="1.065"/>
</testsuite> <!-- testCases.TC_002_LoginTest -->
